{"/Users/Gracey/Documents/DevTools/Projects/es6-node-practice/index.js": {"path":"/Users/Gracey/Documents/DevTools/Projects/es6-node-practice/index.js","statementMap":{"0":{"start":{"line":6,"column":12},"end":{"line":6,"column":21}},"1":{"start":{"line":12,"column":0},"end":{"line":12,"column":14}},"2":{"start":{"line":14,"column":0},"end":{"line":14,"column":12}},"3":{"start":{"line":16,"column":13},"end":{"line":16,"column":37}},"4":{"start":{"line":17,"column":15},"end":{"line":19,"column":2}},"5":{"start":{"line":18,"column":2},"end":{"line":18,"column":43}}},"fnMap":{"0":{"name":"(anonymous_0)","decl":{"start":{"line":17,"column":32},"end":{"line":17,"column":33}},"loc":{"start":{"line":17,"column":38},"end":{"line":19,"column":1}},"line":17}},"branchMap":{"0":{"loc":{"start":{"line":16,"column":13},"end":{"line":16,"column":37}},"type":"binary-expr","locations":[{"start":{"line":16,"column":13},"end":{"line":16,"column":29}},{"start":{"line":16,"column":33},"end":{"line":16,"column":37}}],"line":16}},"s":{"0":2,"1":2,"2":2,"3":2,"4":2,"5":2},"f":{"0":2},"b":{"0":[2,2]},"_coverageSchema":"43e27e138ebf9cfc5966b082cf9a028302ed4184","hash":"e21e1829fe87377569f9d752f977b31224392a27"}
,"/Users/Gracey/Documents/DevTools/Projects/es6-node-practice/api-validations/role.js": {"path":"/Users/Gracey/Documents/DevTools/Projects/es6-node-practice/api-validations/role.js","statementMap":{"0":{"start":{"line":4,"column":17},"end":{"line":9,"column":3}},"1":{"start":{"line":10,"column":2},"end":{"line":10,"column":42}}},"fnMap":{"0":{"name":"validateRole","decl":{"start":{"line":3,"column":9},"end":{"line":3,"column":21}},"loc":{"start":{"line":3,"column":34},"end":{"line":11,"column":1}},"line":3}},"branchMap":{},"s":{"0":3,"1":3},"f":{"0":3},"b":{},"_coverageSchema":"43e27e138ebf9cfc5966b082cf9a028302ed4184","hash":"8bb0da73943749a330e480302d3c2d8cf1cb462f"}
,"/Users/Gracey/Documents/DevTools/Projects/es6-node-practice/api-validations/user.js": {"path":"/Users/Gracey/Documents/DevTools/Projects/es6-node-practice/api-validations/user.js","statementMap":{"0":{"start":{"line":3,"column":0},"end":{"line":3,"column":26}},"1":{"start":{"line":6,"column":17},"end":{"line":33,"column":3}},"2":{"start":{"line":34,"column":2},"end":{"line":34,"column":36}}},"fnMap":{"0":{"name":"validateUser","decl":{"start":{"line":5,"column":9},"end":{"line":5,"column":21}},"loc":{"start":{"line":5,"column":28},"end":{"line":35,"column":1}},"line":5}},"branchMap":{},"s":{"0":2,"1":5,"2":5},"f":{"0":5},"b":{},"_coverageSchema":"43e27e138ebf9cfc5966b082cf9a028302ed4184","hash":"a08b1eef70c7935dc197e636e2f3473dca962de2"}
,"/Users/Gracey/Documents/DevTools/Projects/es6-node-practice/models/role.js": {"path":"/Users/Gracey/Documents/DevTools/Projects/es6-node-practice/models/role.js","statementMap":{"0":{"start":{"line":4,"column":19},"end":{"line":13,"column":2}},"1":{"start":{"line":16,"column":13},"end":{"line":16,"column":48}}},"fnMap":{},"branchMap":{},"s":{"0":2,"1":2},"f":{},"b":{},"_coverageSchema":"43e27e138ebf9cfc5966b082cf9a028302ed4184","hash":"b336d6069b808cc550221ae5c00ed4949f94f394"}
,"/Users/Gracey/Documents/DevTools/Projects/es6-node-practice/models/user.js": {"path":"/Users/Gracey/Documents/DevTools/Projects/es6-node-practice/models/user.js","statementMap":{"0":{"start":{"line":4,"column":19},"end":{"line":20,"column":2}},"1":{"start":{"line":23,"column":19},"end":{"line":59,"column":2}},"2":{"start":{"line":62,"column":13},"end":{"line":62,"column":48}}},"fnMap":{},"branchMap":{},"s":{"0":2,"1":2,"2":2},"f":{},"b":{},"_coverageSchema":"43e27e138ebf9cfc5966b082cf9a028302ed4184","hash":"e6516a1b4ab7b9be31ae4b95c3b4379563071bf4"}
,"/Users/Gracey/Documents/DevTools/Projects/es6-node-practice/routes/roles.js": {"path":"/Users/Gracey/Documents/DevTools/Projects/es6-node-practice/routes/roles.js","statementMap":{"0":{"start":{"line":6,"column":15},"end":{"line":6,"column":31}},"1":{"start":{"line":9,"column":0},"end":{"line":19,"column":3}},"2":{"start":{"line":10,"column":20},"end":{"line":10,"column":38}},"3":{"start":{"line":11,"column":2},"end":{"line":11,"column":67}},"4":{"start":{"line":11,"column":13},"end":{"line":11,"column":67}},"5":{"start":{"line":14,"column":23},"end":{"line":14,"column":68}},"6":{"start":{"line":15,"column":2},"end":{"line":15,"column":71}},"7":{"start":{"line":15,"column":20},"end":{"line":15,"column":71}},"8":{"start":{"line":17,"column":18},"end":{"line":17,"column":62}},"9":{"start":{"line":18,"column":2},"end":{"line":18,"column":39}}},"fnMap":{"0":{"name":"(anonymous_0)","decl":{"start":{"line":9,"column":17},"end":{"line":9,"column":18}},"loc":{"start":{"line":9,"column":37},"end":{"line":19,"column":1}},"line":9}},"branchMap":{"0":{"loc":{"start":{"line":11,"column":2},"end":{"line":11,"column":67}},"type":"if","locations":[{"start":{"line":11,"column":2},"end":{"line":11,"column":67}},{"start":{"line":11,"column":2},"end":{"line":11,"column":67}}],"line":11},"1":{"loc":{"start":{"line":15,"column":2},"end":{"line":15,"column":71}},"type":"if","locations":[{"start":{"line":15,"column":2},"end":{"line":15,"column":71}},{"start":{"line":15,"column":2},"end":{"line":15,"column":71}}],"line":15}},"s":{"0":2,"1":2,"2":3,"3":3,"4":2,"5":1,"6":1,"7":1,"8":0,"9":0},"f":{"0":3},"b":{"0":[2,1],"1":[1,0]},"_coverageSchema":"43e27e138ebf9cfc5966b082cf9a028302ed4184","hash":"83f7fc065e285ff16e784cd0bad2e86cd3b405bd"}
,"/Users/Gracey/Documents/DevTools/Projects/es6-node-practice/routes/users.js": {"path":"/Users/Gracey/Documents/DevTools/Projects/es6-node-practice/routes/users.js","statementMap":{"0":{"start":{"line":8,"column":15},"end":{"line":8,"column":31}},"1":{"start":{"line":9,"column":0},"end":{"line":39,"column":3}},"2":{"start":{"line":11,"column":20},"end":{"line":11,"column":38}},"3":{"start":{"line":12,"column":2},"end":{"line":12,"column":67}},"4":{"start":{"line":12,"column":13},"end":{"line":12,"column":67}},"5":{"start":{"line":15,"column":16},"end":{"line":15,"column":61}},"6":{"start":{"line":16,"column":2},"end":{"line":16,"column":65}},"7":{"start":{"line":16,"column":13},"end":{"line":16,"column":65}},"8":{"start":{"line":18,"column":19},"end":{"line":18,"column":70}},"9":{"start":{"line":19,"column":2},"end":{"line":19,"column":71}},"10":{"start":{"line":19,"column":16},"end":{"line":19,"column":71}},"11":{"start":{"line":22,"column":16},"end":{"line":22,"column":34}},"12":{"start":{"line":25,"column":15},"end":{"line":25,"column":39}},"13":{"start":{"line":26,"column":2},"end":{"line":26,"column":63}},"14":{"start":{"line":30,"column":2},"end":{"line":32,"column":3}},"15":{"start":{"line":31,"column":4},"end":{"line":31,"column":48}},"16":{"start":{"line":33,"column":18},"end":{"line":33,"column":58}},"17":{"start":{"line":34,"column":2},"end":{"line":34,"column":37}},"18":{"start":{"line":37,"column":2},"end":{"line":37,"column":33}},"19":{"start":{"line":38,"column":2},"end":{"line":38,"column":39}}},"fnMap":{"0":{"name":"(anonymous_0)","decl":{"start":{"line":9,"column":17},"end":{"line":9,"column":18}},"loc":{"start":{"line":9,"column":37},"end":{"line":39,"column":1}},"line":9}},"branchMap":{"0":{"loc":{"start":{"line":12,"column":2},"end":{"line":12,"column":67}},"type":"if","locations":[{"start":{"line":12,"column":2},"end":{"line":12,"column":67}},{"start":{"line":12,"column":2},"end":{"line":12,"column":67}}],"line":12},"1":{"loc":{"start":{"line":16,"column":2},"end":{"line":16,"column":65}},"type":"if","locations":[{"start":{"line":16,"column":2},"end":{"line":16,"column":65}},{"start":{"line":16,"column":2},"end":{"line":16,"column":65}}],"line":16},"2":{"loc":{"start":{"line":19,"column":2},"end":{"line":19,"column":71}},"type":"if","locations":[{"start":{"line":19,"column":2},"end":{"line":19,"column":71}},{"start":{"line":19,"column":2},"end":{"line":19,"column":71}}],"line":19},"3":{"loc":{"start":{"line":30,"column":2},"end":{"line":32,"column":3}},"type":"if","locations":[{"start":{"line":30,"column":2},"end":{"line":32,"column":3}},{"start":{"line":30,"column":2},"end":{"line":32,"column":3}}],"line":30},"4":{"loc":{"start":{"line":34,"column":17},"end":{"line":34,"column":36}},"type":"binary-expr","locations":[{"start":{"line":34,"column":17},"end":{"line":34,"column":21}},{"start":{"line":34,"column":25},"end":{"line":34,"column":36}}],"line":34}},"s":{"0":2,"1":2,"2":5,"3":5,"4":0,"5":5,"6":5,"7":1,"8":4,"9":4,"10":0,"11":4,"12":4,"13":4,"14":4,"15":1,"16":4,"17":4,"18":3,"19":3},"f":{"0":5},"b":{"0":[0,5],"1":[1,4],"2":[0,4],"3":[1,3],"4":[4,3]},"_coverageSchema":"43e27e138ebf9cfc5966b082cf9a028302ed4184","hash":"350ff2e1c5971a160d0700b7dbb2fff8a7229d69"}
,"/Users/Gracey/Documents/DevTools/Projects/es6-node-practice/startup/db.js": {"path":"/Users/Gracey/Documents/DevTools/Projects/es6-node-practice/startup/db.js","statementMap":{"0":{"start":{"line":9,"column":13},"end":{"line":9,"column":29}},"1":{"start":{"line":12,"column":2},"end":{"line":18,"column":7}},"2":{"start":{"line":17,"column":6},"end":{"line":17,"column":49}}},"fnMap":{"0":{"name":"connectToDb","decl":{"start":{"line":7,"column":9},"end":{"line":7,"column":20}},"loc":{"start":{"line":7,"column":23},"end":{"line":19,"column":1}},"line":7},"1":{"name":"(anonymous_1)","decl":{"start":{"line":16,"column":10},"end":{"line":16,"column":11}},"loc":{"start":{"line":16,"column":16},"end":{"line":18,"column":5}},"line":16}},"branchMap":{},"s":{"0":2,"1":2,"2":2},"f":{"0":2,"1":2},"b":{},"_coverageSchema":"43e27e138ebf9cfc5966b082cf9a028302ed4184","hash":"86bd97c8cf8b462844ea82c4f70718edd2496c73"}
,"/Users/Gracey/Documents/DevTools/Projects/es6-node-practice/startup/logger.js": {"path":"/Users/Gracey/Documents/DevTools/Projects/es6-node-practice/startup/logger.js","statementMap":{"0":{"start":{"line":7,"column":15},"end":{"line":21,"column":2}},"1":{"start":{"line":26,"column":0},"end":{"line":29,"column":3}},"2":{"start":{"line":27,"column":2},"end":{"line":27,"column":11}},"3":{"start":{"line":28,"column":2},"end":{"line":28,"column":18}}},"fnMap":{"0":{"name":"(anonymous_0)","decl":{"start":{"line":26,"column":33},"end":{"line":26,"column":34}},"loc":{"start":{"line":26,"column":39},"end":{"line":29,"column":1}},"line":26}},"branchMap":{},"s":{"0":2,"1":2,"2":0,"3":0},"f":{"0":0},"b":{},"_coverageSchema":"43e27e138ebf9cfc5966b082cf9a028302ed4184","hash":"a1ac6c971c46482acf164b8fff17fc9ea125cd04"}
,"/Users/Gracey/Documents/DevTools/Projects/es6-node-practice/startup/routes.js": {"path":"/Users/Gracey/Documents/DevTools/Projects/es6-node-practice/startup/routes.js","statementMap":{"0":{"start":{"line":1,"column":16},"end":{"line":1,"column":34}},"1":{"start":{"line":6,"column":2},"end":{"line":6,"column":26}},"2":{"start":{"line":8,"column":2},"end":{"line":8,"column":31}},"3":{"start":{"line":9,"column":2},"end":{"line":9,"column":31}}},"fnMap":{"0":{"name":"routes","decl":{"start":{"line":5,"column":9},"end":{"line":5,"column":15}},"loc":{"start":{"line":5,"column":21},"end":{"line":10,"column":1}},"line":5}},"branchMap":{},"s":{"0":2,"1":2,"2":2,"3":2},"f":{"0":2},"b":{},"_coverageSchema":"43e27e138ebf9cfc5966b082cf9a028302ed4184","hash":"7ddf186b678994580c715f9d5e9781aa5dce6c9c"}
}
