TN:
SF:/Users/Gracey/Documents/DevTools/Projects/es6-node-practice/index.js
FN:17,(anonymous_0)
FNF:1
FNH:1
FNDA:2,(anonymous_0)
DA:6,2
DA:12,2
DA:14,2
DA:16,2
DA:17,2
DA:18,2
LF:6
LH:6
BRDA:16,0,0,2
BRDA:16,0,1,2
BRF:2
BRH:2
end_of_record
TN:
SF:/Users/Gracey/Documents/DevTools/Projects/es6-node-practice/api-validations/role.js
FN:3,validateRole
FNF:1
FNH:1
FNDA:3,validateRole
DA:4,3
DA:10,3
LF:2
LH:2
BRF:0
BRH:0
end_of_record
TN:
SF:/Users/Gracey/Documents/DevTools/Projects/es6-node-practice/api-validations/user.js
FN:5,validateUser
FNF:1
FNH:1
FNDA:5,validateUser
DA:3,2
DA:6,5
DA:34,5
LF:3
LH:3
BRF:0
BRH:0
end_of_record
TN:
SF:/Users/Gracey/Documents/DevTools/Projects/es6-node-practice/models/role.js
FNF:0
FNH:0
DA:4,2
DA:16,2
LF:2
LH:2
BRF:0
BRH:0
end_of_record
TN:
SF:/Users/Gracey/Documents/DevTools/Projects/es6-node-practice/models/user.js
FNF:0
FNH:0
DA:4,2
DA:23,2
DA:62,2
LF:3
LH:3
BRF:0
BRH:0
end_of_record
TN:
SF:/Users/Gracey/Documents/DevTools/Projects/es6-node-practice/routes/roles.js
FN:9,(anonymous_0)
FNF:1
FNH:1
FNDA:3,(anonymous_0)
DA:6,2
DA:9,2
DA:10,3
DA:11,3
DA:14,1
DA:15,1
DA:17,0
DA:18,0
LF:8
LH:6
BRDA:11,0,0,2
BRDA:11,0,1,1
BRDA:15,1,0,1
BRDA:15,1,1,0
BRF:4
BRH:3
end_of_record
TN:
SF:/Users/Gracey/Documents/DevTools/Projects/es6-node-practice/routes/users.js
FN:9,(anonymous_0)
FNF:1
FNH:1
FNDA:5,(anonymous_0)
DA:8,2
DA:9,2
DA:11,5
DA:12,5
DA:15,5
DA:16,5
DA:18,4
DA:19,4
DA:22,4
DA:25,4
DA:26,4
DA:30,4
DA:31,1
DA:33,4
DA:34,4
DA:37,3
DA:38,3
LF:17
LH:17
BRDA:12,0,0,0
BRDA:12,0,1,5
BRDA:16,1,0,1
BRDA:16,1,1,4
BRDA:19,2,0,0
BRDA:19,2,1,4
BRDA:30,3,0,1
BRDA:30,3,1,3
BRDA:34,4,0,4
BRDA:34,4,1,3
BRF:10
BRH:8
end_of_record
TN:
SF:/Users/Gracey/Documents/DevTools/Projects/es6-node-practice/startup/db.js
FN:7,connectToDb
FN:16,(anonymous_1)
FNF:2
FNH:2
FNDA:2,connectToDb
FNDA:2,(anonymous_1)
DA:9,2
DA:12,2
DA:17,2
LF:3
LH:3
BRF:0
BRH:0
end_of_record
TN:
SF:/Users/Gracey/Documents/DevTools/Projects/es6-node-practice/startup/logger.js
FN:26,(anonymous_0)
FNF:1
FNH:0
FNDA:0,(anonymous_0)
DA:7,2
DA:26,2
DA:27,0
DA:28,0
LF:4
LH:2
BRF:0
BRH:0
end_of_record
TN:
SF:/Users/Gracey/Documents/DevTools/Projects/es6-node-practice/startup/routes.js
FN:5,routes
FNF:1
FNH:1
FNDA:2,routes
DA:1,2
DA:6,2
DA:8,2
DA:9,2
LF:4
LH:4
BRF:0
BRH:0
end_of_record
